# JRE version: OpenJDK Runtime Environment Temurin-17.0.7+7 (17.0.7+7) (build 17.0.7+7)
# Java VM: OpenJDK 64-Bit Server VM Temurin-17.0.7+7 (17.0.7+7, mixed mode, emulated-client, tiered, compressed oops, compressed class ptrs, g1 gc, windows-amd64)
GC Precious Log:
 CPUs: 12 total, 12 available
 Memory: 16086M
 Large Page Support: Disabled
 NUMA Support: Disabled
 Compressed Oops: Enabled (Zero based)
 Heap Region Size: 2M
 Heap Min Capacity: 8M
 Heap Initial Capacity: 252M
 Heap Max Capacity: 4022M
 Pre-touch: Disabled
 Parallel Workers: 10
 Concurrent Workers: 3
 Concurrent Refinement Workers: 10
 Periodic GC: Disabled
Heap:
 garbage-first heap   total 157696K, used 21828K [0x0000000704a00000, 0x0000000800000000)
  region size 2048K, 4 young (8192K), 1 survivors (2048K)
 Metaspace       used 42483K, committed 43328K, reserved 1114112K
  class space    used 5393K, committed 5760K, reserved 1048576K
GC Heap History (20 events):
Event: 1.048 GC heap before
{Heap before GC invocations=5 (full 0):
 garbage-first heap   total 34816K, used 22700K [0x0000000704a00000, 0x0000000800000000)
  region size 2048K, 8 young (16384K), 1 survivors (2048K)
 Metaspace       used 27689K, committed 27968K, reserved 1114112K
  class space    used 3325K, committed 3456K, reserved 1048576K
}
Event: 1.050 GC heap after
{Heap after GC invocations=6 (full 0):
 garbage-first heap   total 34816K, used 9950K [0x0000000704a00000, 0x0000000800000000)
  region size 2048K, 1 young (2048K), 1 survivors (2048K)
 Metaspace       used 27689K, committed 27968K, reserved 1114112K
  class space    used 3325K, committed 3456K, reserved 1048576K
}
Event: 1.210 GC heap before
{Heap before GC invocations=6 (full 0):
 garbage-first heap   total 34816K, used 24286K [0x0000000704a00000, 0x0000000800000000)
  region size 2048K, 8 young (16384K), 1 survivors (2048K)
 Metaspace       used 28359K, committed 28672K, reserved 1114112K
  class space    used 3438K, committed 3584K, reserved 1048576K
}
Event: 1.212 GC heap after
{Heap after GC invocations=7 (full 0):
 garbage-first heap   total 147456K, used 10601K [0x0000000704a00000, 0x0000000800000000)
  region size 2048K, 1 young (2048K), 1 survivors (2048K)
 Metaspace       used 28359K, committed 28672K, reserved 1114112K
  class space    used 3438K, committed 3584K, reserved 1048576K
}
Event: 1.730 GC heap before
{Heap before GC invocations=7 (full 0):
 garbage-first heap   total 147456K, used 63849K [0x0000000704a00000, 0x0000000800000000)
  region size 2048K, 28 young (57344K), 1 survivors (2048K)
 Metaspace       used 35693K, committed 36160K, reserved 1114112K
  class space    used 4493K, committed 4736K, reserved 1048576K
}
Event: 1.734 GC heap after
{Heap after GC invocations=8 (full 0):
 garbage-first heap   total 147456K, used 14581K [0x0000000704a00000, 0x0000000800000000)
  region size 2048K, 3 young (6144K), 3 survivors (6144K)
 Metaspace       used 35693K, committed 36160K, reserved 1114112K
  class space    used 4493K, committed 4736K, reserved 1048576K
}
Event: 2.037 GC heap before
{Heap before GC invocations=9 (full 0):
 garbage-first heap   total 61440K, used 47349K [0x0000000704a00000, 0x0000000800000000)
  region size 2048K, 19 young (38912K), 3 survivors (6144K)
 Metaspace       used 41951K, committed 42432K, reserved 1114112K
  class space    used 5329K, committed 5568K, reserved 1048576K
}
Event: 2.046 GC heap after
{Heap after GC invocations=10 (full 0):
 garbage-first heap   total 61440K, used 17376K [0x0000000704a00000, 0x0000000800000000)
  region size 2048K, 2 young (4096K), 2 survivors (4096K)
 Metaspace       used 41951K, committed 42432K, reserved 1114112K
  class space    used 5329K, committed 5568K, reserved 1048576K
}
Event: 2.086 GC heap before
{Heap before GC invocations=10 (full 0):
 garbage-first heap   total 61440K, used 19424K [0x0000000704a00000, 0x0000000800000000)
  region size 2048K, 3 young (6144K), 2 survivors (4096K)
 Metaspace       used 42450K, committed 42944K, reserved 1114112K
  class space    used 5399K, committed 5632K, reserved 1048576K
}
Event: 2.091 GC heap after
{Heap after GC invocations=11 (full 0):
 garbage-first heap   total 61440K, used 17470K [0x0000000704a00000, 0x0000000800000000)
  region size 2048K, 1 young (2048K), 1 survivors (2048K)
 Metaspace       used 42450K, committed 42944K, reserved 1114112K
  class space    used 5399K, committed 5632K, reserved 1048576K
}
Event: 45.657 GC heap before
{Heap before GC invocations=11 (full 0):
 garbage-first heap   total 61440K, used 19518K [0x0000000704a00000, 0x0000000800000000)
  region size 2048K, 3 young (6144K), 1 survivors (2048K)
 Metaspace       used 42667K, committed 43200K, reserved 1114112K
  class space    used 5437K, committed 5696K, reserved 1048576K
}
Event: 45.676 GC heap after
{Heap after GC invocations=12 (full 1):
 garbage-first heap   total 61440K, used 15221K [0x0000000704a00000, 0x0000000800000000)
  region size 2048K, 0 young (0K), 0 survivors (0K)
 Metaspace       used 42667K, committed 43200K, reserved 1114112K
  class space    used 5437K, committed 5696K, reserved 1048576K
}
Event: 45.847 GC heap before
{Heap before GC invocations=12 (full 1):
 garbage-first heap   total 61440K, used 41845K [0x0000000704a00000, 0x0000000800000000)
  region size 2048K, 13 young (26624K), 0 survivors (0K)
 Metaspace       used 42691K, committed 43264K, reserved 1114112K
  class space    used 5444K, committed 5696K, reserved 1048576K
}
Event: 45.849 GC heap after
{Heap after GC invocations=13 (full 1):
 garbage-first heap   total 61440K, used 17489K [0x0000000704a00000, 0x0000000800000000)
  region size 2048K, 2 young (4096K), 2 survivors (4096K)
 Metaspace       used 42691K, committed 43264K, reserved 1114112K
  class space    used 5444K, committed 5696K, reserved 1048576K
}
Event: 184.262 GC heap before
{Heap before GC invocations=13 (full 1):
 garbage-first heap   total 61440K, used 37969K [0x0000000704a00000, 0x0000000800000000)
  region size 2048K, 14 young (28672K), 2 survivors (4096K)
 Metaspace       used 42715K, committed 43328K, reserved 1114112K
  class space    used 5448K, committed 5760K, reserved 1048576K
}
Event: 184.287 GC heap after
{Heap after GC invocations=14 (full 2):
 garbage-first heap   total 55296K, used 14384K [0x0000000704a00000, 0x0000000800000000)
  region size 2048K, 0 young (0K), 0 survivors (0K)
 Metaspace       used 42453K, committed 43328K, reserved 1114112K
  class space    used 5387K, committed 5760K, reserved 1048576K
}
Event: 184.415 GC heap before
{Heap before GC invocations=14 (full 2):
 garbage-first heap   total 55296K, used 38960K [0x0000000704a00000, 0x0000000800000000)
  region size 2048K, 12 young (24576K), 0 survivors (0K)
 Metaspace       used 42469K, committed 43328K, reserved 1114112K
  class space    used 5391K, committed 5760K, reserved 1048576K
}
Event: 184.417 GC heap after
{Heap after GC invocations=15 (full 2):
 garbage-first heap   total 55296K, used 16624K [0x0000000704a00000, 0x0000000800000000)
  region size 2048K, 2 young (4096K), 2 survivors (4096K)
 Metaspace       used 42469K, committed 43328K, reserved 1114112K
  class space    used 5391K, committed 5760K, reserved 1048576K
}
Event: 184.514 GC heap before
{Heap before GC invocations=15 (full 2):
 garbage-first heap   total 55296K, used 35056K [0x0000000704a00000, 0x0000000800000000)
  region size 2048K, 12 young (24576K), 2 survivors (4096K)
 Metaspace       used 42483K, committed 43328K, reserved 1114112K
  class space    used 5393K, committed 5760K, reserved 1048576K
}
Event: 184.516 GC heap after
{Heap after GC invocations=16 (full 2):
 garbage-first heap   total 157696K, used 17732K [0x0000000704a00000, 0x0000000800000000)
  region size 2048K, 1 young (2048K), 1 survivors (2048K)
 Metaspace       used 42483K, committed 43328K, reserved 1114112K
  class space    used 5393K, committed 5760K, reserved 1048576K
}

